Arguments: 
  /usr/local/bin/node /usr/local/Cellar/yarn/1.7.0/libexec/bin/yarn.js add next react react-dom

PATH: 
  /anaconda3/bin:/usr/local/bin:/usr/bin:/bin:/usr/sbin:/sbin:/anaconda3/bin

Yarn version: 
  1.7.0

Node version: 
  8.6.0

Platform: 
  darwin x64

Trace: 
  Error: http://npm.thinknet.co.th/next: ETIMEDOUT
      at Timeout._onTimeout (/usr/local/Cellar/yarn/1.7.0/libexec/lib/cli.js:135339:19)
      at ontimeout (timers.js:469:11)
      at tryOnTimeout (timers.js:304:5)
      at Timer.listOnTimeout (timers.js:264:5)

npm manifest: 
  {
    "name": "TN-daily",
    "version": "1.0.0",
    "main": "index.js",
    "license": "MIT"
  }

yarn manifest: 
  No manifest

Lockfile: 
  No lockfile
